[07-Oct-2025 09:36:24 Europe/Berlin] Poslaju API Error: {"message":"SQLSTATE[HY000] [1045] Access denied for user 'saudagaa_chocoalbab'@'localhost' (using password: YES)","file":"C:\\xampp\\htdocs\\SASIA_PROJECT\\tracking.saudagaarasia.com\\poslaju.uat\\api.php","line":93,"timestamp":"2025-10-07 09:36:24 CEST","request_method":"POST","request_uri":"\/sasia_project\/tracking.saudagaarasia.com\/poslaju.uat\/api.php"}
[07-Oct-2025 09:36:33 Europe/Berlin] Poslaju API Error: {"message":"SQLSTATE[HY000] [1045] Access denied for user 'saudagaa_chocoalbab'@'localhost' (using password: YES)","file":"C:\\xampp\\htdocs\\SASIA_PROJECT\\tracking.saudagaarasia.com\\poslaju.uat\\api.php","line":93,"timestamp":"2025-10-07 09:36:33 CEST","request_method":"POST","request_uri":"\/sasia_project\/tracking.saudagaarasia.com\/poslaju.uat\/api.php"}
[07-Oct-2025 10:35:39 Europe/Berlin] Poslaju API Error: {"message":"SQLSTATE[HY000] [1045] Access denied for user 'saudagaa_chocoalbab'@'localhost' (using password: YES)","file":"C:\\xampp\\htdocs\\SASIA_PROJECT\\tracking.saudagaarasia.com\\poslaju.uat\\api.php","line":93,"timestamp":"2025-10-07 10:35:39 CEST","request_method":"POST","request_uri":"\/sasia_project\/tracking.saudagaarasia.com\/poslaju.uat\/api.php"}
[07-Oct-2025 10:36:23 Europe/Berlin] Poslaju API Error: {"message":"SQLSTATE[HY000] [1045] Access denied for user 'root'@'localhost' (using password: YES)","file":"C:\\xampp\\htdocs\\SASIA_PROJECT\\tracking.saudagaarasia.com\\poslaju.uat\\api.php","line":93,"timestamp":"2025-10-07 10:36:23 CEST","request_method":"POST","request_uri":"\/sasia_project\/tracking.saudagaarasia.com\/poslaju.uat\/api.php"}
[08-Oct-2025 09:56:51 Europe/Berlin] PHP Warning:  ini_set(): Session ini settings cannot be changed after headers have already been sent in C:\xampp\htdocs\SASIA_PROJECT\tracking.saudagaarasia.com\poslaju.uat\config.php on line 30
[08-Oct-2025 09:56:51 Europe/Berlin] PHP Warning:  ini_set(): Session ini settings cannot be changed after headers have already been sent in C:\xampp\htdocs\SASIA_PROJECT\tracking.saudagaarasia.com\poslaju.uat\config.php on line 31
[08-Oct-2025 09:56:51 Europe/Berlin] PHP Warning:  ini_set(): Session ini settings cannot be changed after headers have already been sent in C:\xampp\htdocs\SASIA_PROJECT\tracking.saudagaarasia.com\poslaju.uat\config.php on line 32
[08-Oct-2025 09:56:56 Europe/Berlin] PHP Warning:  ini_set(): Session ini settings cannot be changed after headers have already been sent in C:\xampp\htdocs\SASIA_PROJECT\tracking.saudagaarasia.com\poslaju.uat\config.php on line 30
[08-Oct-2025 09:56:56 Europe/Berlin] PHP Warning:  ini_set(): Session ini settings cannot be changed after headers have already been sent in C:\xampp\htdocs\SASIA_PROJECT\tracking.saudagaarasia.com\poslaju.uat\config.php on line 31
[08-Oct-2025 09:56:56 Europe/Berlin] PHP Warning:  ini_set(): Session ini settings cannot be changed after headers have already been sent in C:\xampp\htdocs\SASIA_PROJECT\tracking.saudagaarasia.com\poslaju.uat\config.php on line 32
[08-Oct-2025 09:57:36 Europe/Berlin] PHP Warning:  ini_set(): Session ini settings cannot be changed after headers have already been sent in C:\xampp\htdocs\SASIA_PROJECT\tracking.saudagaarasia.com\poslaju.uat\config.php on line 30
[08-Oct-2025 09:57:36 Europe/Berlin] PHP Warning:  ini_set(): Session ini settings cannot be changed after headers have already been sent in C:\xampp\htdocs\SASIA_PROJECT\tracking.saudagaarasia.com\poslaju.uat\config.php on line 31
[08-Oct-2025 09:57:36 Europe/Berlin] PHP Warning:  ini_set(): Session ini settings cannot be changed after headers have already been sent in C:\xampp\htdocs\SASIA_PROJECT\tracking.saudagaarasia.com\poslaju.uat\config.php on line 32
[08-Oct-2025 10:30:54 Europe/Berlin] PHP Fatal error:  Uncaught mysqli_sql_exception: Access denied for user 'saudagaa_chocoalbab'@'localhost' (using password: NO) in C:\xampp\htdocs\SASIA_PROJECT\tracking.saudagaarasia.com\poslaju.uat\setup_db.php:7
Stack trace:
#0 C:\xampp\htdocs\SASIA_PROJECT\tracking.saudagaarasia.com\poslaju.uat\setup_db.php(7): mysqli->__construct('localhost', 'saudagaa_chocoa...', Object(SensitiveParameterValue))
#1 {main}
  thrown in C:\xampp\htdocs\SASIA_PROJECT\tracking.saudagaarasia.com\poslaju.uat\setup_db.php on line 7
[08-Oct-2025 11:23:47 Europe/Berlin] PHP Fatal error:  Cannot redeclare createConnection() (previously declared in C:\xampp\htdocs\SASIA_PROJECT\tracking.saudagaarasia.com\poslaju.uat\config.php:38) in C:\xampp\htdocs\SASIA_PROJECT\tracking.saudagaarasia.com\poslaju.uat\config.php on line 37
[08-Oct-2025 11:23:58 Europe/Berlin] PHP Fatal error:  Cannot redeclare createConnection() (previously declared in C:\xampp\htdocs\SASIA_PROJECT\tracking.saudagaarasia.com\poslaju.uat\config.php:38) in C:\xampp\htdocs\SASIA_PROJECT\tracking.saudagaarasia.com\poslaju.uat\config.php on line 37
[08-Oct-2025 11:24:05 Europe/Berlin] PHP Fatal error:  Cannot redeclare createConnection() (previously declared in C:\xampp\htdocs\SASIA_PROJECT\tracking.saudagaarasia.com\poslaju.uat\config.php:38) in C:\xampp\htdocs\SASIA_PROJECT\tracking.saudagaarasia.com\poslaju.uat\config.php on line 37
[08-Oct-2025 11:28:21 Europe/Berlin] PHP Fatal error:  Cannot redeclare createConnection() (previously declared in C:\xampp\htdocs\SASIA_PROJECT\tracking.saudagaarasia.com\poslaju.uat\config.php:38) in C:\xampp\htdocs\SASIA_PROJECT\tracking.saudagaarasia.com\poslaju.uat\config.php on line 37
[08-Oct-2025 11:28:24 Europe/Berlin] Logout logging error: Table 'poslaju_sla.admin_activity_log' doesn't exist
[08-Oct-2025 11:29:31 Europe/Berlin] Logout logging error: Table 'poslaju_sla.admin_activity_log' doesn't exist
[08-Oct-2025 11:29:41 Europe/Berlin] PHP Fatal error:  Cannot redeclare createConnection() (previously declared in C:\xampp\htdocs\SASIA_PROJECT\tracking.saudagaarasia.com\poslaju.uat\config.php:38) in C:\xampp\htdocs\SASIA_PROJECT\tracking.saudagaarasia.com\poslaju.uat\config.php on line 37
[08-Oct-2025 11:31:27 Europe/Berlin] PHP Warning:  Trying to access array offset on value of type bool in C:\xampp\htdocs\SASIA_PROJECT\tracking.saudagaarasia.com\poslaju.uat\details.php on line 114
[08-Oct-2025 11:31:27 Europe/Berlin] PHP Warning:  Trying to access array offset on value of type bool in C:\xampp\htdocs\SASIA_PROJECT\tracking.saudagaarasia.com\poslaju.uat\details.php on line 114
[08-Oct-2025 11:31:27 Europe/Berlin] PHP Warning:  Trying to access array offset on value of type bool in C:\xampp\htdocs\SASIA_PROJECT\tracking.saudagaarasia.com\poslaju.uat\details.php on line 114
[08-Oct-2025 11:31:27 Europe/Berlin] PHP Warning:  Trying to access array offset on value of type bool in C:\xampp\htdocs\SASIA_PROJECT\tracking.saudagaarasia.com\poslaju.uat\details.php on line 114
[08-Oct-2025 11:31:27 Europe/Berlin] PHP Warning:  Undefined variable $filter in C:\xampp\htdocs\SASIA_PROJECT\tracking.saudagaarasia.com\poslaju.uat\details.php on line 165
[08-Oct-2025 11:31:27 Europe/Berlin] PHP Warning:  Undefined variable $filter in C:\xampp\htdocs\SASIA_PROJECT\tracking.saudagaarasia.com\poslaju.uat\details.php on line 166
[08-Oct-2025 11:31:27 Europe/Berlin] PHP Warning:  Undefined variable $filter in C:\xampp\htdocs\SASIA_PROJECT\tracking.saudagaarasia.com\poslaju.uat\details.php on line 167
[08-Oct-2025 11:31:27 Europe/Berlin] PHP Warning:  Undefined variable $filter in C:\xampp\htdocs\SASIA_PROJECT\tracking.saudagaarasia.com\poslaju.uat\details.php on line 174
[08-Oct-2025 11:31:27 Europe/Berlin] PHP Warning:  Undefined variable $filter in C:\xampp\htdocs\SASIA_PROJECT\tracking.saudagaarasia.com\poslaju.uat\details.php on line 175
[08-Oct-2025 11:31:33 Europe/Berlin] PHP Warning:  Trying to access array offset on value of type bool in C:\xampp\htdocs\SASIA_PROJECT\tracking.saudagaarasia.com\poslaju.uat\details.php on line 114
[08-Oct-2025 11:31:33 Europe/Berlin] PHP Warning:  Trying to access array offset on value of type bool in C:\xampp\htdocs\SASIA_PROJECT\tracking.saudagaarasia.com\poslaju.uat\details.php on line 114
[08-Oct-2025 11:31:33 Europe/Berlin] PHP Warning:  Trying to access array offset on value of type bool in C:\xampp\htdocs\SASIA_PROJECT\tracking.saudagaarasia.com\poslaju.uat\details.php on line 114
[08-Oct-2025 11:31:33 Europe/Berlin] PHP Warning:  Trying to access array offset on value of type bool in C:\xampp\htdocs\SASIA_PROJECT\tracking.saudagaarasia.com\poslaju.uat\details.php on line 114
[08-Oct-2025 11:31:33 Europe/Berlin] PHP Warning:  Undefined variable $filter in C:\xampp\htdocs\SASIA_PROJECT\tracking.saudagaarasia.com\poslaju.uat\details.php on line 165
[08-Oct-2025 11:31:33 Europe/Berlin] PHP Warning:  Undefined variable $filter in C:\xampp\htdocs\SASIA_PROJECT\tracking.saudagaarasia.com\poslaju.uat\details.php on line 166
[08-Oct-2025 11:31:33 Europe/Berlin] PHP Warning:  Undefined variable $filter in C:\xampp\htdocs\SASIA_PROJECT\tracking.saudagaarasia.com\poslaju.uat\details.php on line 167
[08-Oct-2025 11:31:33 Europe/Berlin] PHP Warning:  Undefined variable $filter in C:\xampp\htdocs\SASIA_PROJECT\tracking.saudagaarasia.com\poslaju.uat\details.php on line 174
[08-Oct-2025 11:31:33 Europe/Berlin] PHP Warning:  Undefined variable $filter in C:\xampp\htdocs\SASIA_PROJECT\tracking.saudagaarasia.com\poslaju.uat\details.php on line 175
[08-Oct-2025 11:32:19 Europe/Berlin] PHP Warning:  Trying to access array offset on value of type bool in C:\xampp\htdocs\SASIA_PROJECT\tracking.saudagaarasia.com\poslaju.uat\details.php on line 114
[08-Oct-2025 11:32:19 Europe/Berlin] PHP Warning:  Trying to access array offset on value of type bool in C:\xampp\htdocs\SASIA_PROJECT\tracking.saudagaarasia.com\poslaju.uat\details.php on line 114
[08-Oct-2025 11:32:19 Europe/Berlin] PHP Warning:  Trying to access array offset on value of type bool in C:\xampp\htdocs\SASIA_PROJECT\tracking.saudagaarasia.com\poslaju.uat\details.php on line 114
[08-Oct-2025 11:32:19 Europe/Berlin] PHP Warning:  Trying to access array offset on value of type bool in C:\xampp\htdocs\SASIA_PROJECT\tracking.saudagaarasia.com\poslaju.uat\details.php on line 114
[08-Oct-2025 11:32:19 Europe/Berlin] PHP Warning:  Undefined variable $filter in C:\xampp\htdocs\SASIA_PROJECT\tracking.saudagaarasia.com\poslaju.uat\details.php on line 165
[08-Oct-2025 11:32:19 Europe/Berlin] PHP Warning:  Undefined variable $filter in C:\xampp\htdocs\SASIA_PROJECT\tracking.saudagaarasia.com\poslaju.uat\details.php on line 166
[08-Oct-2025 11:32:19 Europe/Berlin] PHP Warning:  Undefined variable $filter in C:\xampp\htdocs\SASIA_PROJECT\tracking.saudagaarasia.com\poslaju.uat\details.php on line 167
[08-Oct-2025 11:32:19 Europe/Berlin] PHP Warning:  Undefined variable $filter in C:\xampp\htdocs\SASIA_PROJECT\tracking.saudagaarasia.com\poslaju.uat\details.php on line 174
[08-Oct-2025 11:32:19 Europe/Berlin] PHP Warning:  Undefined variable $filter in C:\xampp\htdocs\SASIA_PROJECT\tracking.saudagaarasia.com\poslaju.uat\details.php on line 175
[08-Oct-2025 11:33:27 Europe/Berlin] PHP Fatal error:  Cannot redeclare createConnection() (previously declared in C:\xampp\htdocs\SASIA_PROJECT\tracking.saudagaarasia.com\poslaju.uat\config.php:38) in C:\xampp\htdocs\SASIA_PROJECT\tracking.saudagaarasia.com\poslaju.uat\config.php on line 37
[08-Oct-2025 11:33:31 Europe/Berlin] PHP Fatal error:  Cannot redeclare createConnection() (previously declared in C:\xampp\htdocs\SASIA_PROJECT\tracking.saudagaarasia.com\poslaju.uat\config.php:38) in C:\xampp\htdocs\SASIA_PROJECT\tracking.saudagaarasia.com\poslaju.uat\config.php on line 37
[13-Oct-2025 03:42:17 Europe/Berlin] Logout logging error: Table 'poslaju_sla.admin_activity_log' doesn't exist
[13-Oct-2025 04:23:20 Europe/Berlin] Logout logging error: Table 'poslaju_sla.admin_activity_log' doesn't exist
[13-Oct-2025 10:14:58 Europe/Berlin] Logout logging error: Table 'poslaju_sla.admin_activity_log' doesn't exist
